# JRE version: Java(TM) SE Runtime Environment (25.0+37) (build 25+37-LTS-3491)
# Java VM: Java HotSpot(TM) 64-Bit Server VM (25+37-LTS-3491, mixed mode, sharing, tiered, compressed oops, compressed class ptrs, g1 gc, windows-amd64)
GC Precious Log:
 CardTable entry size: 512
 Card Set container configuration: InlinePtr #cards 4 size 8 Array Of Cards #cards 16 size 48 Howl #buckets 8 coarsen threshold 3686 Howl Bitmap #cards 512 size 80 coarsen threshold 460 Card regions per heap region 1 cards per card region 4096
 CPUs: 8 total, 8 available
 Memory: 16178M
 Large Page Support: Disabled
 NUMA Support: Disabled
 Compressed Oops: Enabled (Zero based)
 Heap Region Size: 2M
 Heap Min Capacity: 8M
 Heap Initial Capacity: 254M
 Heap Max Capacity: 4046M
 Pre-touch: Disabled
 Parallel Workers: 8
 Concurrent Workers: 2
 Concurrent Refinement Workers: 8
 Periodic GC: Disabled
Heap:
 garbage-first heap   total reserved 4143104K, committed 172032K, used 95169K [0x0000000703200000, 0x0000000800000000)
  region size 2048K, 18 young (36864K), 1 survivors (2048K)
GC Heap Usage History (20 events):
Event: 17544.988 {heap Before GC invocations=151 (full 0):
 garbage-first heap   total reserved 4143104K, committed 172032K, used 160576K [0x0000000703200000, 0x0000000800000000)
  region size 2048K, 49 young (100352K), 1 survivors (2048K)
}
Event: 17544.990 {heap After GC invocations=152 (full 0):
 garbage-first heap   total reserved 4143104K, committed 172032K, used 62366K [0x0000000703200000, 0x0000000800000000)
  region size 2048K, 1 young (2048K), 1 survivors (2048K)
}
Event: 17777.391 {heap Before GC invocations=152 (full 0):
 garbage-first heap   total reserved 4143104K, committed 172032K, used 160670K [0x0000000703200000, 0x0000000800000000)
  region size 2048K, 49 young (100352K), 1 survivors (2048K)
}
Event: 17777.394 {heap After GC invocations=153 (full 0):
 garbage-first heap   total reserved 4143104K, committed 172032K, used 62379K [0x0000000703200000, 0x0000000800000000)
  region size 2048K, 1 young (2048K), 1 survivors (2048K)
}
Event: 18013.689 {heap Before GC invocations=154 (full 0):
 garbage-first heap   total reserved 4143104K, committed 172032K, used 160683K [0x0000000703200000, 0x0000000800000000)
  region size 2048K, 49 young (100352K), 1 survivors (2048K)
}
Event: 18013.692 {heap After GC invocations=155 (full 0):
 garbage-first heap   total reserved 4143104K, committed 172032K, used 62384K [0x0000000703200000, 0x0000000800000000)
  region size 2048K, 1 young (2048K), 1 survivors (2048K)
}
Event: 18247.432 {heap Before GC invocations=155 (full 0):
 garbage-first heap   total reserved 4143104K, committed 172032K, used 160688K [0x0000000703200000, 0x0000000800000000)
  region size 2048K, 49 young (100352K), 1 survivors (2048K)
}
Event: 18247.435 {heap After GC invocations=156 (full 0):
 garbage-first heap   total reserved 4143104K, committed 172032K, used 62280K [0x0000000703200000, 0x0000000800000000)
  region size 2048K, 1 young (2048K), 1 survivors (2048K)
}
Event: 18477.804 {heap Before GC invocations=157 (full 0):
 garbage-first heap   total reserved 4143104K, committed 172032K, used 160584K [0x0000000703200000, 0x0000000800000000)
  region size 2048K, 49 young (100352K), 1 survivors (2048K)
}
Event: 18477.805 {heap After GC invocations=158 (full 0):
 garbage-first heap   total reserved 4143104K, committed 172032K, used 62379K [0x0000000703200000, 0x0000000800000000)
  region size 2048K, 1 young (2048K), 1 survivors (2048K)
}
Event: 18704.435 {heap Before GC invocations=158 (full 0):
 garbage-first heap   total reserved 4143104K, committed 172032K, used 160683K [0x0000000703200000, 0x0000000800000000)
  region size 2048K, 49 young (100352K), 1 survivors (2048K)
}
Event: 18704.438 {heap After GC invocations=159 (full 0):
 garbage-first heap   total reserved 4143104K, committed 172032K, used 62318K [0x0000000703200000, 0x0000000800000000)
  region size 2048K, 1 young (2048K), 1 survivors (2048K)
}
Event: 18934.911 {heap Before GC invocations=160 (full 0):
 garbage-first heap   total reserved 4143104K, committed 172032K, used 160622K [0x0000000703200000, 0x0000000800000000)
  region size 2048K, 49 young (100352K), 1 survivors (2048K)
}
Event: 18934.915 {heap After GC invocations=161 (full 0):
 garbage-first heap   total reserved 4143104K, committed 172032K, used 62453K [0x0000000703200000, 0x0000000800000000)
  region size 2048K, 1 young (2048K), 1 survivors (2048K)
}
Event: 19171.479 {heap Before GC invocations=161 (full 0):
 garbage-first heap   total reserved 4143104K, committed 172032K, used 160757K [0x0000000703200000, 0x0000000800000000)
  region size 2048K, 49 young (100352K), 1 survivors (2048K)
}
Event: 19171.484 {heap After GC invocations=162 (full 0):
 garbage-first heap   total reserved 4143104K, committed 172032K, used 62319K [0x0000000703200000, 0x0000000800000000)
  region size 2048K, 1 young (2048K), 1 survivors (2048K)
}
Event: 19402.217 {heap Before GC invocations=163 (full 0):
 garbage-first heap   total reserved 4143104K, committed 172032K, used 160623K [0x0000000703200000, 0x0000000800000000)
  region size 2048K, 49 young (100352K), 1 survivors (2048K)
}
Event: 19402.220 {heap After GC invocations=164 (full 0):
 garbage-first heap   total reserved 4143104K, committed 172032K, used 62330K [0x0000000703200000, 0x0000000800000000)
  region size 2048K, 1 young (2048K), 1 survivors (2048K)
}
Event: 19638.071 {heap Before GC invocations=164 (full 0):
 garbage-first heap   total reserved 4143104K, committed 172032K, used 160634K [0x0000000703200000, 0x0000000800000000)
  region size 2048K, 49 young (100352K), 1 survivors (2048K)
}
Event: 19638.075 {heap After GC invocations=165 (full 0):
 garbage-first heap   total reserved 4143104K, committed 172032K, used 62401K [0x0000000703200000, 0x0000000800000000)
  region size 2048K, 1 young (2048K), 1 survivors (2048K)
}

